<?xml version="1.0" encoding="UTF-8"?>
<!-- Generated by org.testng.reporters.JUnitXMLReporter -->
<testsuite hostname="Dhruba" ignored="40" name="Test" tests="4" failures="0" timestamp="05 Jan 2019 06:41:47 GMT" time="0.051" errors="0">
  <testcase name="test1" time="0.018" classname="testng.DependsOnMethodsTestNG"/>
  <testcase name="demo1" time="0.001" classname="testng.JavaMethodTest"/>
  <testcase name="test1" time="0.001" classname="testng.JavaTest"/>
  <testcase name="test1" time="0.005" classname="testng.AssertionsTest"/>
  <testcase name="test6" time="0.0" classname="testng.AssertionsTest">
    <ignored/>
  </testcase> <!-- test6 -->
  <testcase name="test9" time="0.0" classname="testng.AssertionsTest">
    <ignored/>
  </testcase> <!-- test9 -->
  <testcase name="test4" time="0.0" classname="testng.AssertionsTest">
    <ignored/>
  </testcase> <!-- test4 -->
  <testcase name="demo2" time="0.0" classname="testng.JavaMethodTest">
    <ignored/>
  </testcase> <!-- demo2 -->
  <testcase name="test7" time="0.0" classname="testng.AssertionsTest">
    <ignored/>
  </testcase> <!-- test7 -->
  <testcase name="test5" time="0.0" classname="testng.AssertionsTest">
    <ignored/>
  </testcase> <!-- test5 -->
  <testcase name="HomeLoan" time="0.0" classname="com.qa.TestProjecgt.Day2">
    <ignored/>
  </testcase> <!-- HomeLoan -->
  <testcase name="demo7" time="0.0" classname="testng.JavaMethodTest">
    <ignored/>
  </testcase> <!-- demo7 -->
  <testcase name="firstTest" time="0.0" classname="com.qa.TestProjecgt.Day1">
    <ignored/>
  </testcase> <!-- firstTest -->
  <testcase name="demo6" time="0.0" classname="testng.JavaMethodTest">
    <ignored/>
  </testcase> <!-- demo6 -->
  <testcase name="test8" time="0.0" classname="testng.JavaTest">
    <ignored/>
  </testcase> <!-- test8 -->
  <testcase name="demo8" time="0.0" classname="testng.JavaMethodTest">
    <ignored/>
  </testcase> <!-- demo8 -->
  <testcase name="test7" time="0.0" classname="testng.JavaTest">
    <ignored/>
  </testcase> <!-- test7 -->
  <testcase name="demo3" time="0.0" classname="testng.JavaMethodTest">
    <ignored/>
  </testcase> <!-- demo3 -->
  <testcase name="test6" time="0.0" classname="testng.JavaTest">
    <ignored/>
  </testcase> <!-- test6 -->
  <testcase name="test5" time="0.0" classname="testng.JavaTest">
    <ignored/>
  </testcase> <!-- test5 -->
  <testcase name="demo5" time="0.0" classname="testng.JavaMethodTest">
    <ignored/>
  </testcase> <!-- demo5 -->
  <testcase name="test4" time="0.0" classname="testng.JavaTest">
    <ignored/>
  </testcase> <!-- test4 -->
  <testcase name="demo4" time="0.0" classname="testng.JavaMethodTest">
    <ignored/>
  </testcase> <!-- demo4 -->
  <testcase name="test3" time="0.0" classname="testng.JavaTest">
    <ignored/>
  </testcase> <!-- test3 -->
  <testcase name="test4" time="0.0" classname="testng.DependsOnMethodsTestNG">
    <ignored/>
  </testcase> <!-- test4 -->
  <testcase name="AutoLoan" time="0.0" classname="com.qa.TestProjecgt.Day2">
    <ignored/>
  </testcase> <!-- AutoLoan -->
  <testcase name="test2" time="0.0" classname="testng.JavaTest">
    <ignored/>
  </testcase> <!-- test2 -->
  <testcase name="thirdTest" time="0.0" classname="com.qa.TestProjecgt.Day1">
    <ignored/>
  </testcase> <!-- thirdTest -->
  <testcase name="test2" time="0.0" classname="testng.DependsOnMethodsTestNG">
    <ignored/>
  </testcase> <!-- test2 -->
  <testcase name="test5" time="0.0" classname="testng.DependsOnMethodsTestNG">
    <ignored/>
  </testcase> <!-- test5 -->
  <testcase name="test8" time="0.0" classname="testng.DependsOnMethodsTestNG">
    <ignored/>
  </testcase> <!-- test8 -->
  <testcase name="personalLoan" time="0.0" classname="com.qa.TestProjecgt.Day2">
    <ignored/>
  </testcase> <!-- personalLoan -->
  <testcase name="test3" time="0.0" classname="testng.DependsOnMethodsTestNG">
    <ignored/>
  </testcase> <!-- test3 -->
  <testcase name="test6" time="0.0" classname="testng.DependsOnMethodsTestNG">
    <ignored/>
  </testcase> <!-- test6 -->
  <testcase name="test1" time="0.0" classname="testng.DataProviderTestNG">
    <ignored/>
  </testcase> <!-- test1 -->
  <testcase name="test9" time="0.0" classname="testng.DependsOnMethodsTestNG">
    <ignored/>
  </testcase> <!-- test9 -->
  <testcase name="test7" time="0.0" classname="testng.DependsOnMethodsTestNG">
    <ignored/>
  </testcase> <!-- test7 -->
  <testcase name="test2" time="0.0" classname="testng.DataProviderTestNG">
    <ignored/>
  </testcase> <!-- test2 -->
  <testcase name="register" time="0.0" classname="com.qa.TestProjecgt.TestBase">
    <ignored/>
  </testcase> <!-- register -->
  <testcase name="educationLoan" time="0.0" classname="com.qa.TestProjecgt.Day2">
    <ignored/>
  </testcase> <!-- educationLoan -->
  <testcase name="test10" time="0.0" classname="testng.DependsOnMethodsTestNG">
    <ignored/>
  </testcase> <!-- test10 -->
  <testcase name="logIn" time="0.0" classname="com.qa.TestProjecgt.TestBase">
    <ignored/>
  </testcase> <!-- logIn -->
  <testcase name="secondTest" time="0.0" classname="com.qa.TestProjecgt.Day1">
    <ignored/>
  </testcase> <!-- secondTest -->
  <testcase name="forthTest" time="0.0" classname="com.qa.TestProjecgt.Day1">
    <ignored/>
  </testcase> <!-- forthTest -->
</testsuite> <!-- Test -->
