<?xml version="1.0" encoding="UTF-8"?>
<!-- Generated by org.testng.reporters.JUnitXMLReporter -->
<testsuite hostname="Dhruba" ignored="0" name="Test" tests="6" failures="1" timestamp="05 Jan 2019 07:08:22 GMT" time="0.089" errors="0">
  <testcase name="test1" time="0.019" classname="testng.AssertionsTest"/>
  <testcase name="test5" time="0.003" classname="testng.AssertionsTest"/>
  <testcase name="test6" time="0.005" classname="testng.AssertionsTest">
    <failure type="java.lang.AssertionError" message="expected [hello] but found [Test]">
      <![CDATA[java.lang.AssertionError: expected [hello] but found [Test]
	at testng.AssertionsTest.test6(AssertionsTest.java:25)
... Removed 31 stack frames]]>
    </failure>
  </testcase> <!-- test6 -->
  <testcase name="test4" time="0.003" classname="testng.AssertionsTest"/>
  <testcase name="test7" time="0.0" classname="testng.AssertionsTest">
    <skipped/>
  </testcase> <!-- test7 -->
  <testcase name="test9" time="0.0" classname="testng.AssertionsTest">
    <skipped/>
  </testcase> <!-- test9 -->
</testsuite> <!-- Test -->
